<testsuite failures="3" name="src/test/java/feature/GETMultipleUserDetails.feature" skipped="0" tests="3" time="0.009333">
  <testcase classname="src.test.java.feature.GETMultipleUserDetails" name="GET request user 1 details" time="0.004402">
    <failure message="-unknown-:6 - no step-definition method match found for: def expectedOutput = read('../Data/MultipleResults.json')">* url 'https://reqres.in' ................................................. passed
* def expectedOutput = read('../Data/MultipleResults.json') ............... failed

Stack Trace:
com.intuit.karate.exception.KarateException: -unknown-:6 - no step-definition method match found for: def expectedOutput = read('../Data/MultipleResults.json')&#13;
	at ✽.* def expectedOutput = read('../Data/MultipleResults.json') (-unknown-:6)&#13;

Given path '/api/users/1' ................................................. skipped
When method GET ........................................................... skipped
Then status 200 ........................................................... skipped
Then print response ....................................................... skipped
And match response == expectedOutput[0] ................................... skipped</failure>
  </testcase>
  <testcase classname="src.test.java.feature.GETMultipleUserDetails" name="GET request user 2 details" time="0.004403">
    <failure message="-unknown-:6 - no step-definition method match found for: def expectedOutput = read('../Data/MultipleResults.json')">* url 'https://reqres.in' ................................................. passed
* def expectedOutput = read('../Data/MultipleResults.json') ............... failed

Stack Trace:
com.intuit.karate.exception.KarateException: -unknown-:6 - no step-definition method match found for: def expectedOutput = read('../Data/MultipleResults.json')&#13;
	at ✽.* def expectedOutput = read('../Data/MultipleResults.json') (-unknown-:6)&#13;

Given path '/api/users/1' ................................................. skipped
When method GET ........................................................... skipped
Then status 200 ........................................................... skipped
Then print response ....................................................... skipped
And match response == expectedOutput[0] ................................... skipped
* url 'https://reqres.in' ................................................. passed
* def expectedOutput = read('../Data/MultipleResults.json') ............... failed

Stack Trace:
com.intuit.karate.exception.KarateException: -unknown-:6 - no step-definition method match found for: def expectedOutput = read('../Data/MultipleResults.json')&#13;
	at ✽.* def expectedOutput = read('../Data/MultipleResults.json') (-unknown-:6)&#13;

Given path '/api/users/2' ................................................. skipped
When method GET ........................................................... skipped
Then status 200 ........................................................... skipped
Then print response ....................................................... skipped
And match response == expectedOutput[1] ................................... skipped</failure>
  </testcase>
  <testcase classname="src.test.java.feature.GETMultipleUserDetails" name="GET request user 3 details" time="0.000527">
    <failure message="-unknown-:6 - no step-definition method match found for: def expectedOutput = read('../Data/MultipleResults.json')">* url 'https://reqres.in' ................................................. passed
* def expectedOutput = read('../Data/MultipleResults.json') ............... failed

Stack Trace:
com.intuit.karate.exception.KarateException: -unknown-:6 - no step-definition method match found for: def expectedOutput = read('../Data/MultipleResults.json')&#13;
	at ✽.* def expectedOutput = read('../Data/MultipleResults.json') (-unknown-:6)&#13;

Given path '/api/users/1' ................................................. skipped
When method GET ........................................................... skipped
Then status 200 ........................................................... skipped
Then print response ....................................................... skipped
And match response == expectedOutput[0] ................................... skipped
* url 'https://reqres.in' ................................................. passed
* def expectedOutput = read('../Data/MultipleResults.json') ............... failed

Stack Trace:
com.intuit.karate.exception.KarateException: -unknown-:6 - no step-definition method match found for: def expectedOutput = read('../Data/MultipleResults.json')&#13;
	at ✽.* def expectedOutput = read('../Data/MultipleResults.json') (-unknown-:6)&#13;

Given path '/api/users/2' ................................................. skipped
When method GET ........................................................... skipped
Then status 200 ........................................................... skipped
Then print response ....................................................... skipped
And match response == expectedOutput[1] ................................... skipped
* url 'https://reqres.in' ................................................. passed
* def expectedOutput = read('../Data/MultipleResults.json') ............... failed

Stack Trace:
com.intuit.karate.exception.KarateException: -unknown-:6 - no step-definition method match found for: def expectedOutput = read('../Data/MultipleResults.json')&#13;
	at ✽.* def expectedOutput = read('../Data/MultipleResults.json') (-unknown-:6)&#13;

Given path '/api/users/3' ................................................. skipped
When method GET ........................................................... skipped
Then status 200 ........................................................... skipped
Then print response ....................................................... skipped
And match response == expectedOutput[2] ................................... skipped</failure>
  </testcase>
</testsuite>
