<testsuite failures="0" name="src/test/java/feature/PostCreateNewUser.feature" skipped="0" tests="1" time="3.828104">
  <testcase classname="src.test.java.feature.PostCreateNewUser" name="get delayed response" time="3.828104">
    <system-out>* url 'https://reqres.in' ................................................. passed
* def JsonPayload = read('../Data/PostCreateNewUser.json') ................ passed
* headers {Content-Type: 'application/json', Accept: 'application/json',Connection: 'Keep-Alive'} . passed
Given path '/api/users' ................................................... passed
And request JsonPayload ................................................... passed
When method POST .......................................................... passed
Then status 201 ........................................................... passed
Then print 'response---',response ......................................... passed</system-out>
  </testcase>
</testsuite>
